[2021-08-17 12:13:43] local.ERROR: SQLSTATE[HY000] [1045] Access denied for user 'root'@'localhost' (using password: YES) (SQL: select count(*) as aggregate from `cohort_texts`) {"exception":"[object] (Illuminate\\Database\\QueryException(code: 1045): SQLSTATE[HY000] [1045] Access denied for user 'root'@'localhost' (using password: YES) (SQL: select count(*) as aggregate from `cohort_texts`) at /home/fabnu1/public_html/feteparmenia/vendor/laravel/framework/src/Illuminate/Database/Connection.php:692)
[stacktrace]
#0 /home/fabnu1/public_html/feteparmenia/vendor/laravel/framework/src/Illuminate/Database/Connection.php(652): Illuminate\\Database\\Connection->runQueryCallback('select count(*)...', Array, Object(Closure))
#1 /home/fabnu1/public_html/feteparmenia/vendor/laravel/framework/src/Illuminate/Database/Connection.php(360): Illuminate\\Database\\Connection->run('select count(*)...', Array, Object(Closure))
#2 /home/fabnu1/public_html/feteparmenia/vendor/laravel/framework/src/Illuminate/Database/Query/Builder.php(2350): Illuminate\\Database\\Connection->select('select count(*)...', Array, true)
#3 /home/fabnu1/public_html/feteparmenia/vendor/laravel/framework/src/Illuminate/Database/Query/Builder.php(2338): Illuminate\\Database\\Query\\Builder->runSelect()
#4 /home/fabnu1/public_html/feteparmenia/vendor/laravel/framework/src/Illuminate/Database/Query/Builder.php(2872): Illuminate\\Database\\Query\\Builder->Illuminate\\Database\\Query\\{closure}()
#5 /home/fabnu1/public_html/feteparmenia/vendor/laravel/framework/src/Illuminate/Database/Query/Builder.php(2339): Illuminate\\Database\\Query\\Builder->onceWithColumns(Array, Object(Closure))
#6 /home/fabnu1/public_html/feteparmenia/vendor/laravel/framework/src/Illuminate/Database/Query/Builder.php(2486): Illuminate\\Database\\Query\\Builder->get()
#7 /home/fabnu1/public_html/feteparmenia/vendor/laravel/framework/src/Illuminate/Database/Query/Builder.php(2445): Illuminate\\Database\\Query\\Builder->runPaginationCountQuery(Array)
#8 /home/fabnu1/public_html/feteparmenia/vendor/laravel/framework/src/Illuminate/Database/Eloquent/Builder.php(785): Illuminate\\Database\\Query\\Builder->getCountForPagination()
#9 /home/fabnu1/public_html/feteparmenia/vendor/laravel/framework/src/Illuminate/Support/Traits/ForwardsCalls.php(23): Illuminate\\Database\\Eloquent\\Builder->paginate(1)
#10 /home/fabnu1/public_html/feteparmenia/vendor/laravel/framework/src/Illuminate/Database/Eloquent/Model.php(1996): Illuminate\\Database\\Eloquent\\Model->forwardCallTo(Object(Illuminate\\Database\\Eloquent\\Builder), 'paginate', Array)
#11 /home/fabnu1/public_html/feteparmenia/vendor/laravel/framework/src/Illuminate/Database/Eloquent/Model.php(2008): Illuminate\\Database\\Eloquent\\Model->__call('paginate', Array)
#12 /home/fabnu1/public_html/feteparmenia/app/Http/Controllers/CohortsController.php(22): Illuminate\\Database\\Eloquent\\Model::__callStatic('paginate', Array)
#13 /home/fabnu1/public_html/feteparmenia/vendor/laravel/framework/src/Illuminate/Routing/Controller.php(54): App\\Http\\Controllers\\CohortsController->index('am')
#14 /home/fabnu1/public_html/feteparmenia/vendor/laravel/framework/src/Illuminate/Routing/ControllerDispatcher.php(45): Illuminate\\Routing\\Controller->callAction('index', Array)
#15 /home/fabnu1/public_html/feteparmenia/vendor/laravel/framework/src/Illuminate/Routing/Route.php(254): Illuminate\\Routing\\ControllerDispatcher->dispatch(Object(Illuminate\\Routing\\Route), Object(App\\Http\\Controllers\\CohortsController), 'index')
#16 /home/fabnu1/public_html/feteparmenia/vendor/laravel/framework/src/Illuminate/Routing/Route.php(197): Illuminate\\Routing\\Route->runController()
#17 /home/fabnu1/public_html/feteparmenia/vendor/laravel/framework/src/Illuminate/Routing/Router.php(695): Illuminate\\Routing\\Route->run()
#18 /home/fabnu1/public_html/feteparmenia/vendor/laravel/framework/src/Illuminate/Pipeline/Pipeline.php(128): Illuminate\\Routing\\Router->Illuminate\\Routing\\{closure}(Object(Illuminate\\Http\\Request))
#19 /home/fabnu1/public_html/feteparmenia/vendor/laravel/framework/src/Illuminate/Routing/Middleware/SubstituteBindings.php(50): Illuminate\\Pipeline\\Pipeline->Illuminate\\Pipeline\\{closure}(Object(Illuminate\\Http\\Request))
#20 /home/fabnu1/public_html/feteparmenia/vendor/laravel/framework/src/Illuminate/Pipeline/Pipeline.php(167): Illuminate\\Routing\\Middleware\\SubstituteBindings->handle(Object(Illuminate\\Http\\Request), Object(Closure))
#21 /home/fabnu1/public_html/feteparmenia/vendor/laravel/framework/src/Illuminate/Foundation/Http/Middleware/VerifyCsrfToken.php(78): Illuminate\\Pipeline\\Pipeline->Illuminate\\Pipeline\\{closure}(Object(Illuminate\\Http\\Request))
#22 /home/fabnu1/public_html/feteparmenia/vendor/laravel/framework/src/Illuminate/Pipeline/Pipeline.php(167): Illuminate\\Foundation\\Http\\Middleware\\VerifyCsrfToken->handle(Object(Illuminate\\Http\\Request), Object(Closure))
#23 /home/fabnu1/public_html/feteparmenia/vendor/laravel/framework/src/Illuminate/View/Middleware/ShareErrorsFromSession.php(49): Illuminate\\Pipeline\\Pipeline->Illuminate\\Pipeline\\{closure}(Object(Illuminate\\Http\\Request))
#24 /home/fabnu1/public_html/feteparmenia/vendor/laravel/framework/src/Illuminate/Pipeline/Pipeline.php(167): Illuminate\\View\\Middleware\\ShareErrorsFromSession->handle(Object(Illuminate\\Http\\Request), Object(Closure))
#25 /home/fabnu1/public_html/feteparmenia/vendor/laravel/framework/src/Illuminate/Session/Middleware/StartSession.php(121): Illuminate\\Pipeline\\Pipeline->Illuminate\\Pipeline\\{closure}(Object(Illuminate\\Http\\Request))
#26 /home/fabnu1/public_html/feteparmenia/vendor/laravel/framework/src/Illuminate/Session/Middleware/StartSession.php(64): Illuminate\\Session\\Middleware\\StartSession->handleStatefulRequest(Object(Illuminate\\Http\\Request), Object(Illuminate\\Session\\Store), Object(Closure))
#27 /home/fabnu1/public_html/feteparmenia/vendor/laravel/framework/src/Illuminate/Pipeline/Pipeline.php(167): Illuminate\\Session\\Middleware\\StartSession->handle(Object(Illuminate\\Http\\Request), Object(Closure))
#28 /home/fabnu1/public_html/feteparmenia/vendor/laravel/framework/src/Illuminate/Cookie/Middleware/AddQueuedCookiesToResponse.php(37): Illuminate\\Pipeline\\Pipeline->Illuminate\\Pipeline\\{closure}(Object(Illuminate\\Http\\Request))
#29 /home/fabnu1/public_html/feteparmenia/vendor/laravel/framework/src/Illuminate/Pipeline/Pipeline.php(167): Illuminate\\Cookie\\Middleware\\AddQueuedCookiesToResponse->handle(Object(Illuminate\\Http\\Request), Object(Closure))
#30 /home/fabnu1/public_html/feteparmenia/vendor/laravel/framework/src/Illuminate/Cookie/Middleware/EncryptCookies.php(67): Illuminate\\Pipeline\\Pipeline->Illuminate\\Pipeline\\{closure}(Object(Illuminate\\Http\\Request))
#31 /home/fabnu1/public_html/feteparmenia/vendor/laravel/framework/src/Illuminate/Pipeline/Pipeline.php(167): Illuminate\\Cookie\\Middleware\\EncryptCookies->handle(Object(Illuminate\\Http\\Request), Object(Closure))
#32 /home/fabnu1/public_html/feteparmenia/vendor/laravel/framework/src/Illuminate/Pipeline/Pipeline.php(103): Illuminate\\Pipeline\\Pipeline->Illuminate\\Pipeline\\{closure}(Object(Illuminate\\Http\\Request))
#33 /home/fabnu1/public_html/feteparmenia/vendor/laravel/framework/src/Illuminate/Routing/Router.php(697): Illuminate\\Pipeline\\Pipeline->then(Object(Closure))
#34 /home/fabnu1/public_html/feteparmenia/vendor/laravel/framework/src/Illuminate/Routing/Router.php(672): Illuminate\\Routing\\Router->runRouteWithinStack(Object(Illuminate\\Routing\\Route), Object(Illuminate\\Http\\Request))
#35 /home/fabnu1/public_html/feteparmenia/vendor/laravel/framework/src/Illuminate/Routing/Router.php(636): Illuminate\\Routing\\Router->runRoute(Object(Illuminate\\Http\\Request), Object(Illuminate\\Routing\\Route))
#36 /home/fabnu1/public_html/feteparmenia/vendor/laravel/framework/src/Illuminate/Routing/Router.php(625): Illuminate\\Routing\\Router->dispatchToRoute(Object(Illuminate\\Http\\Request))
#37 /home/fabnu1/public_html/feteparmenia/vendor/laravel/framework/src/Illuminate/Foundation/Http/Kernel.php(166): Illuminate\\Routing\\Router->dispatch(Object(Illuminate\\Http\\Request))
#38 /home/fabnu1/public_html/feteparmenia/vendor/laravel/framework/src/Illuminate/Pipeline/Pipeline.php(128): Illuminate\\Foundation\\Http\\Kernel->Illuminate\\Foundation\\Http\\{closure}(Object(Illuminate\\Http\\Request))
#39 /home/fabnu1/public_html/feteparmenia/vendor/laravel/framework/src/Illuminate/Foundation/Http/Middleware/TransformsRequest.php(21): Illuminate\\Pipeline\\Pipeline->Illuminate\\Pipeline\\{closure}(Object(Illuminate\\Http\\Request))
#40 /home/fabnu1/public_html/feteparmenia/vendor/laravel/framework/src/Illuminate/Foundation/Http/Middleware/ConvertEmptyStringsToNull.php(31): Illuminate\\Foundation\\Http\\Middleware\\TransformsRequest->handle(Object(Illuminate\\Http\\Request), Object(Closure))
#41 /home/fabnu1/public_html/feteparmenia/vendor/laravel/framework/src/Illuminate/Pipeline/Pipeline.php(167): Illuminate\\Foundation\\Http\\Middleware\\ConvertEmptyStringsToNull->handle(Object(Illuminate\\Http\\Request), Object(Closure))
#42 /home/fabnu1/public_html/feteparmenia/vendor/laravel/framework/src/Illuminate/Foundation/Http/Middleware/TransformsRequest.php(21): Illuminate\\Pipeline\\Pipeline->Illuminate\\Pipeline\\{closure}(Object(Illuminate\\Http\\Request))
#43 /home/fabnu1/public_html/feteparmenia/vendor/laravel/framework/src/Illuminate/Foundation/Http/Middleware/TrimStrings.php(40): Illuminate\\Foundation\\Http\\Middleware\\TransformsRequest->handle(Object(Illuminate\\Http\\Request), Object(Closure))
#44 /home/fabnu1/public_html/feteparmenia/vendor/laravel/framework/src/Illuminate/Pipeline/Pipeline.php(167): Illuminate\\Foundation\\Http\\Middleware\\TrimStrings->handle(Object(Illuminate\\Http\\Request), Object(Closure))
#45 /home/fabnu1/public_html/feteparmenia/vendor/laravel/framework/src/Illuminate/Foundation/Http/Middleware/ValidatePostSize.php(27): Illuminate\\Pipeline\\Pipeline->Illuminate\\Pipeline\\{closure}(Object(Illuminate\\Http\\Request))
#46 /home/fabnu1/public_html/feteparmenia/vendor/laravel/framework/src/Illuminate/Pipeline/Pipeline.php(167): Illuminate\\Foundation\\Http\\Middleware\\ValidatePostSize->handle(Object(Illuminate\\Http\\Request), Object(Closure))
#47 /home/fabnu1/public_html/feteparmenia/vendor/laravel/framework/src/Illuminate/Foundation/Http/Middleware/PreventRequestsDuringMaintenance.php(86): Illuminate\\Pipeline\\Pipeline->Illuminate\\Pipeline\\{closure}(Object(Illuminate\\Http\\Request))
#48 /home/fabnu1/public_html/feteparmenia/vendor/laravel/framework/src/Illuminate/Pipeline/Pipeline.php(167): Illuminate\\Foundation\\Http\\Middleware\\PreventRequestsDuringMaintenance->handle(Object(Illuminate\\Http\\Request), Object(Closure))
#49 /home/fabnu1/public_html/feteparmenia/vendor/fruitcake/laravel-cors/src/HandleCors.php(38): Illuminate\\Pipeline\\Pipeline->Illuminate\\Pipeline\\{closure}(Object(Illuminate\\Http\\Request))
#50 /home/fabnu1/public_html/feteparmenia/vendor/laravel/framework/src/Illuminate/Pipeline/Pipeline.php(167): Fruitcake\\Cors\\HandleCors->handle(Object(Illuminate\\Http\\Request), Object(Closure))
#51 /home/fabnu1/public_html/feteparmenia/vendor/fideloper/proxy/src/TrustProxies.php(57): Illuminate\\Pipeline\\Pipeline->Illuminate\\Pipeline\\{closure}(Object(Illuminate\\Http\\Request))
#52 /home/fabnu1/public_html/feteparmenia/vendor/laravel/framework/src/Illuminate/Pipeline/Pipeline.php(167): Fideloper\\Proxy\\TrustProxies->handle(Object(Illuminate\\Http\\Request), Object(Closure))
#53 /home/fabnu1/public_html/feteparmenia/vendor/laravel/framework/src/Illuminate/Pipeline/Pipeline.php(103): Illuminate\\Pipeline\\Pipeline->Illuminate\\Pipeline\\{closure}(Object(Illuminate\\Http\\Request))
#54 /home/fabnu1/public_html/feteparmenia/vendor/laravel/framework/src/Illuminate/Foundation/Http/Kernel.php(141): Illuminate\\Pipeline\\Pipeline->then(Object(Closure))
#55 /home/fabnu1/public_html/feteparmenia/vendor/laravel/framework/src/Illuminate/Foundation/Http/Kernel.php(110): Illuminate\\Foundation\\Http\\Kernel->sendRequestThroughRouter(Object(Illuminate\\Http\\Request))
#56 /home/fabnu1/public_html/feteparmenia/public/index.php(52): Illuminate\\Foundation\\Http\\Kernel->handle(Object(Illuminate\\Http\\Request))
#57 {main}

[previous exception] [object] (PDOException(code: 1045): SQLSTATE[HY000] [1045] Access denied for user 'root'@'localhost' (using password: YES) at /home/fabnu1/public_html/feteparmenia/vendor/laravel/framework/src/Illuminate/Database/Connectors/Connector.php:70)
[stacktrace]
#0 /home/fabnu1/public_html/feteparmenia/vendor/laravel/framework/src/Illuminate/Database/Connectors/Connector.php(70): PDO->__construct('mysql:host=loca...', 'root', 'root', Array)
#1 /home/fabnu1/public_html/feteparmenia/vendor/laravel/framework/src/Illuminate/Database/Connectors/Connector.php(46): Illuminate\\Database\\Connectors\\Connector->createPdoConnection('mysql:host=loca...', 'root', 'root', Array)
#2 /home/fabnu1/public_html/feteparmenia/vendor/laravel/framework/src/Illuminate/Database/Connectors/MySqlConnector.php(24): Illuminate\\Database\\Connectors\\Connector->createConnection('mysql:host=loca...', Array, Array)
#3 /home/fabnu1/public_html/feteparmenia/vendor/laravel/framework/src/Illuminate/Database/Connectors/ConnectionFactory.php(184): Illuminate\\Database\\Connectors\\MySqlConnector->connect(Array)
#4 [internal function]: Illuminate\\Database\\Connectors\\ConnectionFactory->Illuminate\\Database\\Connectors\\{closure}()
#5 /home/fabnu1/public_html/feteparmenia/vendor/laravel/framework/src/Illuminate/Database/Connection.php(997): call_user_func(Object(Closure))
#6 /home/fabnu1/public_html/feteparmenia/vendor/laravel/framework/src/Illuminate/Database/Connection.php(1033): Illuminate\\Database\\Connection->getPdo()
#7 /home/fabnu1/public_html/feteparmenia/vendor/laravel/framework/src/Illuminate/Database/Connection.php(426): Illuminate\\Database\\Connection->getReadPdo()
#8 /home/fabnu1/public_html/feteparmenia/vendor/laravel/framework/src/Illuminate/Database/Connection.php(352): Illuminate\\Database\\Connection->getPdoForSelect(true)
#9 /home/fabnu1/public_html/feteparmenia/vendor/laravel/framework/src/Illuminate/Database/Connection.php(685): Illuminate\\Database\\Connection->Illuminate\\Database\\{closure}('select count(*)...', Array)
#10 /home/fabnu1/public_html/feteparmenia/vendor/laravel/framework/src/Illuminate/Database/Connection.php(652): Illuminate\\Database\\Connection->runQueryCallback('select count(*)...', Array, Object(Closure))
#11 /home/fabnu1/public_html/feteparmenia/vendor/laravel/framework/src/Illuminate/Database/Connection.php(360): Illuminate\\Database\\Connection->run('select count(*)...', Array, Object(Closure))
#12 /home/fabnu1/public_html/feteparmenia/vendor/laravel/framework/src/Illuminate/Database/Query/Builder.php(2350): Illuminate\\Database\\Connection->select('select count(*)...', Array, true)
#13 /home/fabnu1/public_html/feteparmenia/vendor/laravel/framework/src/Illuminate/Database/Query/Builder.php(2338): Illuminate\\Database\\Query\\Builder->runSelect()
#14 /home/fabnu1/public_html/feteparmenia/vendor/laravel/framework/src/Illuminate/Database/Query/Builder.php(2872): Illuminate\\Database\\Query\\Builder->Illuminate\\Database\\Query\\{closure}()
#15 /home/fabnu1/public_html/feteparmenia/vendor/laravel/framework/src/Illuminate/Database/Query/Builder.php(2339): Illuminate\\Database\\Query\\Builder->onceWithColumns(Array, Object(Closure))
#16 /home/fabnu1/public_html/feteparmenia/vendor/laravel/framework/src/Illuminate/Database/Query/Builder.php(2486): Illuminate\\Database\\Query\\Builder->get()
#17 /home/fabnu1/public_html/feteparmenia/vendor/laravel/framework/src/Illuminate/Database/Query/Builder.php(2445): Illuminate\\Database\\Query\\Builder->runPaginationCountQuery(Array)
#18 /home/fabnu1/public_html/feteparmenia/vendor/laravel/framework/src/Illuminate/Database/Eloquent/Builder.php(785): Illuminate\\Database\\Query\\Builder->getCountForPagination()
#19 /home/fabnu1/public_html/feteparmenia/vendor/laravel/framework/src/Illuminate/Support/Traits/ForwardsCalls.php(23): Illuminate\\Database\\Eloquent\\Builder->paginate(1)
#20 /home/fabnu1/public_html/feteparmenia/vendor/laravel/framework/src/Illuminate/Database/Eloquent/Model.php(1996): Illuminate\\Database\\Eloquent\\Model->forwardCallTo(Object(Illuminate\\Database\\Eloquent\\Builder), 'paginate', Array)
#21 /home/fabnu1/public_html/feteparmenia/vendor/laravel/framework/src/Illuminate/Database/Eloquent/Model.php(2008): Illuminate\\Database\\Eloquent\\Model->__call('paginate', Array)
#22 /home/fabnu1/public_html/feteparmenia/app/Http/Controllers/CohortsController.php(22): Illuminate\\Database\\Eloquent\\Model::__callStatic('paginate', Array)
#23 /home/fabnu1/public_html/feteparmenia/vendor/laravel/framework/src/Illuminate/Routing/Controller.php(54): App\\Http\\Controllers\\CohortsController->index('am')
#24 /home/fabnu1/public_html/feteparmenia/vendor/laravel/framework/src/Illuminate/Routing/ControllerDispatcher.php(45): Illuminate\\Routing\\Controller->callAction('index', Array)
#25 /home/fabnu1/public_html/feteparmenia/vendor/laravel/framework/src/Illuminate/Routing/Route.php(254): Illuminate\\Routing\\ControllerDispatcher->dispatch(Object(Illuminate\\Routing\\Route), Object(App\\Http\\Controllers\\CohortsController), 'index')
#26 /home/fabnu1/public_html/feteparmenia/vendor/laravel/framework/src/Illuminate/Routing/Route.php(197): Illuminate\\Routing\\Route->runController()
#27 /home/fabnu1/public_html/feteparmenia/vendor/laravel/framework/src/Illuminate/Routing/Router.php(695): Illuminate\\Routing\\Route->run()
#28 /home/fabnu1/public_html/feteparmenia/vendor/laravel/framework/src/Illuminate/Pipeline/Pipeline.php(128): Illuminate\\Routing\\Router->Illuminate\\Routing\\{closure}(Object(Illuminate\\Http\\Request))
#29 /home/fabnu1/public_html/feteparmenia/vendor/laravel/framework/src/Illuminate/Routing/Middleware/SubstituteBindings.php(50): Illuminate\\Pipeline\\Pipeline->Illuminate\\Pipeline\\{closure}(Object(Illuminate\\Http\\Request))
#30 /home/fabnu1/public_html/feteparmenia/vendor/laravel/framework/src/Illuminate/Pipeline/Pipeline.php(167): Illuminate\\Routing\\Middleware\\SubstituteBindings->handle(Object(Illuminate\\Http\\Request), Object(Closure))
#31 /home/fabnu1/public_html/feteparmenia/vendor/laravel/framework/src/Illuminate/Foundation/Http/Middleware/VerifyCsrfToken.php(78): Illuminate\\Pipeline\\Pipeline->Illuminate\\Pipeline\\{closure}(Object(Illuminate\\Http\\Request))
#32 /home/fabnu1/public_html/feteparmenia/vendor/laravel/framework/src/Illuminate/Pipeline/Pipeline.php(167): Illuminate\\Foundation\\Http\\Middleware\\VerifyCsrfToken->handle(Object(Illuminate\\Http\\Request), Object(Closure))
#33 /home/fabnu1/public_html/feteparmenia/vendor/laravel/framework/src/Illuminate/View/Middleware/ShareErrorsFromSession.php(49): Illuminate\\Pipeline\\Pipeline->Illuminate\\Pipeline\\{closure}(Object(Illuminate\\Http\\Request))
#34 /home/fabnu1/public_html/feteparmenia/vendor/laravel/framework/src/Illuminate/Pipeline/Pipeline.php(167): Illuminate\\View\\Middleware\\ShareErrorsFromSession->handle(Object(Illuminate\\Http\\Request), Object(Closure))
#35 /home/fabnu1/public_html/feteparmenia/vendor/laravel/framework/src/Illuminate/Session/Middleware/StartSession.php(121): Illuminate\\Pipeline\\Pipeline->Illuminate\\Pipeline\\{closure}(Object(Illuminate\\Http\\Request))
#36 /home/fabnu1/public_html/feteparmenia/vendor/laravel/framework/src/Illuminate/Session/Middleware/StartSession.php(64): Illuminate\\Session\\Middleware\\StartSession->handleStatefulRequest(Object(Illuminate\\Http\\Request), Object(Illuminate\\Session\\Store), Object(Closure))
#37 /home/fabnu1/public_html/feteparmenia/vendor/laravel/framework/src/Illuminate/Pipeline/Pipeline.php(167): Illuminate\\Session\\Middleware\\StartSession->handle(Object(Illuminate\\Http\\Request), Object(Closure))
#38 /home/fabnu1/public_html/feteparmenia/vendor/laravel/framework/src/Illuminate/Cookie/Middleware/AddQueuedCookiesToResponse.php(37): Illuminate\\Pipeline\\Pipeline->Illuminate\\Pipeline\\{closure}(Object(Illuminate\\Http\\Request))
#39 /home/fabnu1/public_html/feteparmenia/vendor/laravel/framework/src/Illuminate/Pipeline/Pipeline.php(167): Illuminate\\Cookie\\Middleware\\AddQueuedCookiesToResponse->handle(Object(Illuminate\\Http\\Request), Object(Closure))
#40 /home/fabnu1/public_html/feteparmenia/vendor/laravel/framework/src/Illuminate/Cookie/Middleware/EncryptCookies.php(67): Illuminate\\Pipeline\\Pipeline->Illuminate\\Pipeline\\{closure}(Object(Illuminate\\Http\\Request))
#41 /home/fabnu1/public_html/feteparmenia/vendor/laravel/framework/src/Illuminate/Pipeline/Pipeline.php(167): Illuminate\\Cookie\\Middleware\\EncryptCookies->handle(Object(Illuminate\\Http\\Request), Object(Closure))
#42 /home/fabnu1/public_html/feteparmenia/vendor/laravel/framework/src/Illuminate/Pipeline/Pipeline.php(103): Illuminate\\Pipeline\\Pipeline->Illuminate\\Pipeline\\{closure}(Object(Illuminate\\Http\\Request))
#43 /home/fabnu1/public_html/feteparmenia/vendor/laravel/framework/src/Illuminate/Routing/Router.php(697): Illuminate\\Pipeline\\Pipeline->then(Object(Closure))
#44 /home/fabnu1/public_html/feteparmenia/vendor/laravel/framework/src/Illuminate/Routing/Router.php(672): Illuminate\\Routing\\Router->runRouteWithinStack(Object(Illuminate\\Routing\\Route), Object(Illuminate\\Http\\Request))
#45 /home/fabnu1/public_html/feteparmenia/vendor/laravel/framework/src/Illuminate/Routing/Router.php(636): Illuminate\\Routing\\Router->runRoute(Object(Illuminate\\Http\\Request), Object(Illuminate\\Routing\\Route))
#46 /home/fabnu1/public_html/feteparmenia/vendor/laravel/framework/src/Illuminate/Routing/Router.php(625): Illuminate\\Routing\\Router->dispatchToRoute(Object(Illuminate\\Http\\Request))
#47 /home/fabnu1/public_html/feteparmenia/vendor/laravel/framework/src/Illuminate/Foundation/Http/Kernel.php(166): Illuminate\\Routing\\Router->dispatch(Object(Illuminate\\Http\\Request))
#48 /home/fabnu1/public_html/feteparmenia/vendor/laravel/framework/src/Illuminate/Pipeline/Pipeline.php(128): Illuminate\\Foundation\\Http\\Kernel->Illuminate\\Foundation\\Http\\{closure}(Object(Illuminate\\Http\\Request))
#49 /home/fabnu1/public_html/feteparmenia/vendor/laravel/framework/src/Illuminate/Foundation/Http/Middleware/TransformsRequest.php(21): Illuminate\\Pipeline\\Pipeline->Illuminate\\Pipeline\\{closure}(Object(Illuminate\\Http\\Request))
#50 /home/fabnu1/public_html/feteparmenia/vendor/laravel/framework/src/Illuminate/Foundation/Http/Middleware/ConvertEmptyStringsToNull.php(31): Illuminate\\Foundation\\Http\\Middleware\\TransformsRequest->handle(Object(Illuminate\\Http\\Request), Object(Closure))
#51 /home/fabnu1/public_html/feteparmenia/vendor/laravel/framework/src/Illuminate/Pipeline/Pipeline.php(167): Illuminate\\Foundation\\Http\\Middleware\\ConvertEmptyStringsToNull->handle(Object(Illuminate\\Http\\Request), Object(Closure))
#52 /home/fabnu1/public_html/feteparmenia/vendor/laravel/framework/src/Illuminate/Foundation/Http/Middleware/TransformsRequest.php(21): Illuminate\\Pipeline\\Pipeline->Illuminate\\Pipeline\\{closure}(Object(Illuminate\\Http\\Request))
#53 /home/fabnu1/public_html/feteparmenia/vendor/laravel/framework/src/Illuminate/Foundation/Http/Middleware/TrimStrings.php(40): Illuminate\\Foundation\\Http\\Middleware\\TransformsRequest->handle(Object(Illuminate\\Http\\Request), Object(Closure))
#54 /home/fabnu1/public_html/feteparmenia/vendor/laravel/framework/src/Illuminate/Pipeline/Pipeline.php(167): Illuminate\\Foundation\\Http\\Middleware\\TrimStrings->handle(Object(Illuminate\\Http\\Request), Object(Closure))
#55 /home/fabnu1/public_html/feteparmenia/vendor/laravel/framework/src/Illuminate/Foundation/Http/Middleware/ValidatePostSize.php(27): Illuminate\\Pipeline\\Pipeline->Illuminate\\Pipeline\\{closure}(Object(Illuminate\\Http\\Request))
#56 /home/fabnu1/public_html/feteparmenia/vendor/laravel/framework/src/Illuminate/Pipeline/Pipeline.php(167): Illuminate\\Foundation\\Http\\Middleware\\ValidatePostSize->handle(Object(Illuminate\\Http\\Request), Object(Closure))
#57 /home/fabnu1/public_html/feteparmenia/vendor/laravel/framework/src/Illuminate/Foundation/Http/Middleware/PreventRequestsDuringMaintenance.php(86): Illuminate\\Pipeline\\Pipeline->Illuminate\\Pipeline\\{closure}(Object(Illuminate\\Http\\Request))
#58 /home/fabnu1/public_html/feteparmenia/vendor/laravel/framework/src/Illuminate/Pipeline/Pipeline.php(167): Illuminate\\Foundation\\Http\\Middleware\\PreventRequestsDuringMaintenance->handle(Object(Illuminate\\Http\\Request), Object(Closure))
#59 /home/fabnu1/public_html/feteparmenia/vendor/fruitcake/laravel-cors/src/HandleCors.php(38): Illuminate\\Pipeline\\Pipeline->Illuminate\\Pipeline\\{closure}(Object(Illuminate\\Http\\Request))
#60 /home/fabnu1/public_html/feteparmenia/vendor/laravel/framework/src/Illuminate/Pipeline/Pipeline.php(167): Fruitcake\\Cors\\HandleCors->handle(Object(Illuminate\\Http\\Request), Object(Closure))
#61 /home/fabnu1/public_html/feteparmenia/vendor/fideloper/proxy/src/TrustProxies.php(57): Illuminate\\Pipeline\\Pipeline->Illuminate\\Pipeline\\{closure}(Object(Illuminate\\Http\\Request))
#62 /home/fabnu1/public_html/feteparmenia/vendor/laravel/framework/src/Illuminate/Pipeline/Pipeline.php(167): Fideloper\\Proxy\\TrustProxies->handle(Object(Illuminate\\Http\\Request), Object(Closure))
#63 /home/fabnu1/public_html/feteparmenia/vendor/laravel/framework/src/Illuminate/Pipeline/Pipeline.php(103): Illuminate\\Pipeline\\Pipeline->Illuminate\\Pipeline\\{closure}(Object(Illuminate\\Http\\Request))
#64 /home/fabnu1/public_html/feteparmenia/vendor/laravel/framework/src/Illuminate/Foundation/Http/Kernel.php(141): Illuminate\\Pipeline\\Pipeline->then(Object(Closure))
#65 /home/fabnu1/public_html/feteparmenia/vendor/laravel/framework/src/Illuminate/Foundation/Http/Kernel.php(110): Illuminate\\Foundation\\Http\\Kernel->sendRequestThroughRouter(Object(Illuminate\\Http\\Request))
#66 /home/fabnu1/public_html/feteparmenia/public/index.php(52): Illuminate\\Foundation\\Http\\Kernel->handle(Object(Illuminate\\Http\\Request))
#67 {main}
"} 
[2021-08-17 12:13:43] local.ERROR: file_put_contents(C:\Users\user\Desktop\fff\feteparmenia\storage\framework/sessions/Tvf8cdx30WbU06r8hwhU3H38FH0LQOjAzBFuPwpp): failed to open stream: No such file or directory {"exception":"[object] (ErrorException(code: 0): file_put_contents(C:\\Users\\user\\Desktop\\fff\\feteparmenia\\storage\\framework/sessions/Tvf8cdx30WbU06r8hwhU3H38FH0LQOjAzBFuPwpp): failed to open stream: No such file or directory at /home/fabnu1/public_html/feteparmenia/vendor/laravel/framework/src/Illuminate/Filesystem/Filesystem.php:187)
[stacktrace]
#0 [internal function]: Illuminate\\Foundation\\Bootstrap\\HandleExceptions->handleError(2, 'file_put_conten...', '/home/fabnu1/pu...', 187, Array)
#1 /home/fabnu1/public_html/feteparmenia/vendor/laravel/framework/src/Illuminate/Filesystem/Filesystem.php(187): file_put_contents('C:\\\\Users\\\\user\\\\D...', 'a:3:{s:6:\"_toke...', 2)
#2 /home/fabnu1/public_html/feteparmenia/vendor/laravel/framework/src/Illuminate/Session/FileSessionHandler.php(83): Illuminate\\Filesystem\\Filesystem->put('C:\\\\Users\\\\user\\\\D...', 'a:3:{s:6:\"_toke...', true)
#3 /home/fabnu1/public_html/feteparmenia/vendor/laravel/framework/src/Illuminate/Session/Store.php(129): Illuminate\\Session\\FileSessionHandler->write('Tvf8cdx30WbU06r...', 'a:3:{s:6:\"_toke...')
#4 /home/fabnu1/public_html/feteparmenia/vendor/laravel/framework/src/Illuminate/Session/Middleware/StartSession.php(236): Illuminate\\Session\\Store->save()
#5 /home/fabnu1/public_html/feteparmenia/vendor/laravel/framework/src/Illuminate/Session/Middleware/StartSession.php(130): Illuminate\\Session\\Middleware\\StartSession->saveSession(Object(Illuminate\\Http\\Request))
#6 /home/fabnu1/public_html/feteparmenia/vendor/laravel/framework/src/Illuminate/Session/Middleware/StartSession.php(64): Illuminate\\Session\\Middleware\\StartSession->handleStatefulRequest(Object(Illuminate\\Http\\Request), Object(Illuminate\\Session\\Store), Object(Closure))
#7 /home/fabnu1/public_html/feteparmenia/vendor/laravel/framework/src/Illuminate/Pipeline/Pipeline.php(167): Illuminate\\Session\\Middleware\\StartSession->handle(Object(Illuminate\\Http\\Request), Object(Closure))
#8 /home/fabnu1/public_html/feteparmenia/vendor/laravel/framework/src/Illuminate/Cookie/Middleware/AddQueuedCookiesToResponse.php(37): Illuminate\\Pipeline\\Pipeline->Illuminate\\Pipeline\\{closure}(Object(Illuminate\\Http\\Request))
#9 /home/fabnu1/public_html/feteparmenia/vendor/laravel/framework/src/Illuminate/Pipeline/Pipeline.php(167): Illuminate\\Cookie\\Middleware\\AddQueuedCookiesToResponse->handle(Object(Illuminate\\Http\\Request), Object(Closure))
#10 /home/fabnu1/public_html/feteparmenia/vendor/laravel/framework/src/Illuminate/Cookie/Middleware/EncryptCookies.php(67): Illuminate\\Pipeline\\Pipeline->Illuminate\\Pipeline\\{closure}(Object(Illuminate\\Http\\Request))
#11 /home/fabnu1/public_html/feteparmenia/vendor/laravel/framework/src/Illuminate/Pipeline/Pipeline.php(167): Illuminate\\Cookie\\Middleware\\EncryptCookies->handle(Object(Illuminate\\Http\\Request), Object(Closure))
#12 /home/fabnu1/public_html/feteparmenia/vendor/laravel/framework/src/Illuminate/Pipeline/Pipeline.php(103): Illuminate\\Pipeline\\Pipeline->Illuminate\\Pipeline\\{closure}(Object(Illuminate\\Http\\Request))
#13 /home/fabnu1/public_html/feteparmenia/vendor/laravel/framework/src/Illuminate/Routing/Router.php(697): Illuminate\\Pipeline\\Pipeline->then(Object(Closure))
#14 /home/fabnu1/public_html/feteparmenia/vendor/laravel/framework/src/Illuminate/Routing/Router.php(672): Illuminate\\Routing\\Router->runRouteWithinStack(Object(Illuminate\\Routing\\Route), Object(Illuminate\\Http\\Request))
#15 /home/fabnu1/public_html/feteparmenia/vendor/laravel/framework/src/Illuminate/Routing/Router.php(636): Illuminate\\Routing\\Router->runRoute(Object(Illuminate\\Http\\Request), Object(Illuminate\\Routing\\Route))
#16 /home/fabnu1/public_html/feteparmenia/vendor/laravel/framework/src/Illuminate/Routing/Router.php(625): Illuminate\\Routing\\Router->dispatchToRoute(Object(Illuminate\\Http\\Request))
#17 /home/fabnu1/public_html/feteparmenia/vendor/laravel/framework/src/Illuminate/Foundation/Http/Kernel.php(166): Illuminate\\Routing\\Router->dispatch(Object(Illuminate\\Http\\Request))
#18 /home/fabnu1/public_html/feteparmenia/vendor/laravel/framework/src/Illuminate/Pipeline/Pipeline.php(128): Illuminate\\Foundation\\Http\\Kernel->Illuminate\\Foundation\\Http\\{closure}(Object(Illuminate\\Http\\Request))
#19 /home/fabnu1/public_html/feteparmenia/vendor/laravel/framework/src/Illuminate/Foundation/Http/Middleware/TransformsRequest.php(21): Illuminate\\Pipeline\\Pipeline->Illuminate\\Pipeline\\{closure}(Object(Illuminate\\Http\\Request))
#20 /home/fabnu1/public_html/feteparmenia/vendor/laravel/framework/src/Illuminate/Foundation/Http/Middleware/ConvertEmptyStringsToNull.php(31): Illuminate\\Foundation\\Http\\Middleware\\TransformsRequest->handle(Object(Illuminate\\Http\\Request), Object(Closure))
#21 /home/fabnu1/public_html/feteparmenia/vendor/laravel/framework/src/Illuminate/Pipeline/Pipeline.php(167): Illuminate\\Foundation\\Http\\Middleware\\ConvertEmptyStringsToNull->handle(Object(Illuminate\\Http\\Request), Object(Closure))
#22 /home/fabnu1/public_html/feteparmenia/vendor/laravel/framework/src/Illuminate/Foundation/Http/Middleware/TransformsRequest.php(21): Illuminate\\Pipeline\\Pipeline->Illuminate\\Pipeline\\{closure}(Object(Illuminate\\Http\\Request))
#23 /home/fabnu1/public_html/feteparmenia/vendor/laravel/framework/src/Illuminate/Foundation/Http/Middleware/TrimStrings.php(40): Illuminate\\Foundation\\Http\\Middleware\\TransformsRequest->handle(Object(Illuminate\\Http\\Request), Object(Closure))
#24 /home/fabnu1/public_html/feteparmenia/vendor/laravel/framework/src/Illuminate/Pipeline/Pipeline.php(167): Illuminate\\Foundation\\Http\\Middleware\\TrimStrings->handle(Object(Illuminate\\Http\\Request), Object(Closure))
#25 /home/fabnu1/public_html/feteparmenia/vendor/laravel/framework/src/Illuminate/Foundation/Http/Middleware/ValidatePostSize.php(27): Illuminate\\Pipeline\\Pipeline->Illuminate\\Pipeline\\{closure}(Object(Illuminate\\Http\\Request))
#26 /home/fabnu1/public_html/feteparmenia/vendor/laravel/framework/src/Illuminate/Pipeline/Pipeline.php(167): Illuminate\\Foundation\\Http\\Middleware\\ValidatePostSize->handle(Object(Illuminate\\Http\\Request), Object(Closure))
#27 /home/fabnu1/public_html/feteparmenia/vendor/laravel/framework/src/Illuminate/Foundation/Http/Middleware/PreventRequestsDuringMaintenance.php(86): Illuminate\\Pipeline\\Pipeline->Illuminate\\Pipeline\\{closure}(Object(Illuminate\\Http\\Request))
#28 /home/fabnu1/public_html/feteparmenia/vendor/laravel/framework/src/Illuminate/Pipeline/Pipeline.php(167): Illuminate\\Foundation\\Http\\Middleware\\PreventRequestsDuringMaintenance->handle(Object(Illuminate\\Http\\Request), Object(Closure))
#29 /home/fabnu1/public_html/feteparmenia/vendor/fruitcake/laravel-cors/src/HandleCors.php(38): Illuminate\\Pipeline\\Pipeline->Illuminate\\Pipeline\\{closure}(Object(Illuminate\\Http\\Request))
#30 /home/fabnu1/public_html/feteparmenia/vendor/laravel/framework/src/Illuminate/Pipeline/Pipeline.php(167): Fruitcake\\Cors\\HandleCors->handle(Object(Illuminate\\Http\\Request), Object(Closure))
#31 /home/fabnu1/public_html/feteparmenia/vendor/fideloper/proxy/src/TrustProxies.php(57): Illuminate\\Pipeline\\Pipeline->Illuminate\\Pipeline\\{closure}(Object(Illuminate\\Http\\Request))
#32 /home/fabnu1/public_html/feteparmenia/vendor/laravel/framework/src/Illuminate/Pipeline/Pipeline.php(167): Fideloper\\Proxy\\TrustProxies->handle(Object(Illuminate\\Http\\Request), Object(Closure))
#33 /home/fabnu1/public_html/feteparmenia/vendor/laravel/framework/src/Illuminate/Pipeline/Pipeline.php(103): Illuminate\\Pipeline\\Pipeline->Illuminate\\Pipeline\\{closure}(Object(Illuminate\\Http\\Request))
#34 /home/fabnu1/public_html/feteparmenia/vendor/laravel/framework/src/Illuminate/Foundation/Http/Kernel.php(141): Illuminate\\Pipeline\\Pipeline->then(Object(Closure))
#35 /home/fabnu1/public_html/feteparmenia/vendor/laravel/framework/src/Illuminate/Foundation/Http/Kernel.php(110): Illuminate\\Foundation\\Http\\Kernel->sendRequestThroughRouter(Object(Illuminate\\Http\\Request))
#36 /home/fabnu1/public_html/feteparmenia/public/index.php(52): Illuminate\\Foundation\\Http\\Kernel->handle(Object(Illuminate\\Http\\Request))
#37 {main}
"} 
